<?xml version="1.0" encoding="UTF-8"?>
<!-- Generated by org.testng.reporters.JUnitXMLReporter -->
<testsuite ignored="0" hostname="Admin-PC" failures="0" tests="3" name="FunctestOne" time="173.304" errors="0" timestamp="29 Nov 2020 11:03:33 GMT">
  <testcase classname="AutomationPractice.MachineTest.SearchProdToMangOrdToRegisToUpdateAddrsToPlacOrderTest" name="SearchToOrderPlaceUpdateAddress" time="60.116"/>
  <testcase classname="AutomationPractice.MachineTest.ManageOrderTest" name="managewishlist" time="16.526"/>
  <testcase classname="AutomationPractice.MachineTest.CreateToManageWishlistTest" name="createToManageWishlist" time="33.329"/>
</testsuite> <!-- FunctestOne -->
