<?xml version="1.0" encoding="UTF-8"?>
<!-- Generated by org.testng.reporters.JUnitXMLReporter -->
<testsuite ignored="0" hostname="Admin-PC" failures="0" tests="3" name="TwoTest" time="87.127" errors="0" timestamp="22 Dec 2020 10:34:48 GMT">
  <testcase classname="AutomationPractice.MachineTest.SearchProdToMangOrdToRegisToUpdateAddrsToPlacOrderTest" name="SearchToOrderPlaceUpdateAddress" time="39.4"/>
  <testcase classname="AutomationPractice.MachineTest.ManageOrderTest" name="manageorder" time="11.443"/>
  <testcase classname="AutomationPractice.MachineTest.SearchTest" name="validsearch" time="4.389"/>
</testsuite> <!-- TwoTest -->
