<?xml version="1.0" encoding="UTF-8"?>
<!-- Generated by org.testng.reporters.JUnitXMLReporter -->
<testsuite ignored="0" hostname="Admin-PC" failures="0" tests="3" name="FubctionalTest" time="243.361" errors="0" timestamp="29 Nov 2020 10:40:39 GMT">
  <testcase classname="AutomationPractice.MachineTest.SearchProdToMangOrdToRegisToUpdateAddrsToPlacOrderTest" name="SearchToOrderPlaceUpdateAddress" time="97.849"/>
  <testcase classname="AutomationPractice.MachineTest.ManageOrderTest" name="managewishlist" time="15.13"/>
  <testcase classname="AutomationPractice.MachineTest.CreateToManageWishlistTest" name="createToManageWishlist" time="25.61"/>
</testsuite> <!-- FubctionalTest -->
