<?xml version="1.0" encoding="UTF-8"?>
<!-- Generated by org.testng.reporters.JUnitXMLReporter -->
<testsuite ignored="0" hostname="Admin-PC" failures="0" tests="3" name="Test" time="75.113" errors="0" timestamp="22 Dec 2020 10:33:21 GMT">
  <testcase classname="AutomationPractice.MachineTest.SigninTest" name="Valid_registration" time="11.205"/>
  <testcase classname="AutomationPractice.MachineTest.UpdatePersonalInformationTest" name="updatepersonalinfo" time="8.893"/>
  <testcase classname="AutomationPractice.MachineTest.CreateToManageWishlistTest" name="createToManageWishlist" time="20.124"/>
</testsuite> <!-- Test -->
